    1  shutdown -h now
    2  ping www.google.com.br
    3  ifconfig
    4  ifconfig
    5  nano /etc/network/interfaces
    6  reboot
    7  ifconfig
    8  ping www.google.com.br
    9  apt-get net-tools
   10  apt-get update
   11  apt-get install net-tools
   12  ifconfig
   13  ping 192.168.171.101
   14  ifconfig
   15  ifdown enp0s8
   16  ping 192.168.171.101
   17  ifup enp0s8
   18  ls -l
   19  ls -l
   20  ls
   21  vim /etc/network/interfaces
   22  apt-get install vim
   23  vim /etc/network/interfaces
   24  shutdown -h now
   25  ls
   26  ls
   27  ls
   28  ls
   29  ifconfig
   30  192.168.171.101
   31  ifconfig
   32  ping www.google.com.br
   33  apt-get update
   34  apt-get install ssh
   35  ping 192.168.0.13
   36  ifconfig
   37  ping 192.168.0.13
   38  ping 8.8.8.8
   39  vim /etc/network/interfaces
   40  ls
   41  route -n
   42  ping 192.168.0.1
   43  ping 192.168.0.13
   44  ifdown enp0s8
   45  ifup enp0s8
   46  ifcofig
   47  ifconfig
   48  ping 192.108.0.13
   49  ping 192.168.0.13
   50  ping 192.168.0.13
   51  reboot
   52  ping 192.168.0.13
   53  ping 192.168.0.13
   54  ifocnfig
   55  ifconfig
   56  ifdown enp0s8
   57  ifdown enp0s8
   58  ifup enp0s8
   59  ifup enp0s8
   60  ifconfig
   61  ifdown enp0s8
   62  ifup enp0s8
   63  reboot
   64  ifconfig
   65  ifconfig
   66  ifup enp0s8
   67  shutdown -hnow
   68  shutdown -h now
   69  ifconfig
   70  route -n
   71  vim /etc/network
   72  vim /etc/network/interfaces
   73  ls
   74  ifconfig
   75  ifup enp0s8
   76  ifdown enp0s8
   77  ifconfig
   78  ifup enp0s8
   79  ifup enp0s8
   80  ifconfig
   81  ping www.google.com.br
   82  ping 8.8.8.8
   83  reboot
   84  ifconfig
   85  ping www.google.com.br
   86  ping www.google.com.br
   87  ifdown enp0s8
   88  ifup enp0s8
   89  ifdown enp0s8
   90  ifup enp0s8
   91  ifconfig
   92  ping 192.168.0.13
   93  ping www.google.com.br
   94  ping 192.168.0.1
   95  ping 192.168.0.13
   96  ping 192.168.0.13
   97  ping 192.168.0.13
   98  ssh root@192.168.0.13
   99  ls
  100  ifconfig
  101  reboot
  102  ls
  103  ls
  104  ls
  105  ls
  106  ls
  107  ls
  108  ls
  109  ls
  110  ls
  111  ls
  112  ls
  113  ls
  114  ls
  115  ls
  116  ls
  117  ls
  118  ls
  119  ls
  120  ls
  121  ls
  122  ls
  123  lçs
  124  ls
  125  ifconfig
  126  vim /etc/ssh/sshd_config 
  127  /etc/init.d/ssh restart
  128  ls
  129  which ssh
  130  which python
  131  phthon
  132  which
  133  which python
  134  cd /usr/bin/python
  135  cd /
  136  ls
  137  cd usr
  138  cd bin
  139  ls
  140  ls p*
  141  cd python~.
  142  cd python3.5
  143  python3.5
  144  ls
  145  cd /root
  146  ls
  147  ls
  148  apt-get update
  149  apt-get install python3.5
  150  apt-get update
  151  apt-get install python-scapy
  152  ls
  153  cd fixp
  154  ls
  155  vim receive.py
  156  ls
  157  ls
  158  ifconfig
  159  vim /etc/default/grub
  160  reboot
  161  ifconfig
  162  update-grub
  163  reboot
  164  ls
  165  ifconfig
  166  ifconfig
  167  ifconfig -a
  168  ifup eth0
  169  vim /etc/network/interfaces
  170  reboot
  171  ifconfig
  172  ifconfig
  173  ifconfig
  174  ifconfig
  175  ping 192.168.181.101
  176  ping 192.168.184.101
  177  ping 192.168.171.101
  178  ssh student@192.168.0.27
  179  ls
  180  ls
  181  ssh student@192.168.0.27
  182  ls
  183  ls
  184  ls
  185  cd fixp
  186  ls
  187  python
  188  ls
  189  vim send.py
  190  ls
  191  ls
  192  send 192.168.184.102
  193  python send.py 192.168.184.102
  194  python send.py 192.168.184.102 08:00:27:93:1f:fd
  195  ping 192.168.184.102
  196  ifconfig
  197  ifconfig
  198  ssh root@192.168.171.101
  199  ssh student@192.168.171.101
  200  ls
  201  ls
  202  ifconfig
  203  ping 192.168.184.102
  204  python send.py 192.168.184.102 0x0800
  205  python send.py 192.168.184.102 0x0800
  206  python send.py 192.168.184.102 0x0800
  207  python send.py 192.168.184.102 0x0800
  208  python send.py 192.168.184.102 0x0800
  209  python send.py 192.168.184.102 0x0800
  210  python send.py 192.168.184.102 0x0800
  211  python send.py 192.168.184.102 0x0800
  212  ping 192.168.184.102
  213  ping 192.168.184.102
  214  ping 192.168.184.101
  215  ifconfig
  216  ping 192.168.171.101
  217  ifconfig
  218  ssh student@192.168.171.101
  219  LS
  220  ls
  221  python send.py AA:AA:AA:AA:AA:AA 0x0880
  222  python send.py AA:AA:AA:AA:AA:AA 0x0880
  223  python send.py AA:AA:AA:AA:AA:AA 0x1234
  224  python send.py AA:AA:AA:AA:AA:AA 0x1234
  225  ssh student@192.168.171.101
  226  python send.py AA:AA:AA:AA:AA:AA 0x1234
  227  python send.py AA:AA:AA:AA:AA:AA 0x1234
  228  python send.py AA:AA:AA:AA:AA:AA 0x1234
  229  shutdown -h now
  230  vim /etc/hostname 
  231  ls
  232  ifconfig
  233  vim /etc/network/interfaces
  234  ls
  235  reboot
  236  ifconfig
  237  ping 192.168.231.101
  238  ifconfig
  239  ping 192.168.0.30
  240  ls
  241  ls
  242  ifconfig
  243  ifconfig
  244  ifconfig
  245  ifconfig
  246  cd fixp
  247  ls
  248  ls
  249  python receive.py
  250  shutdown -h now
  251  ifconfig
  252  ifconfig
  253  ls
  254  ls
  255  cd fixp
  256  python receive.py
  257  ls
  258  ficonfig
  259  ifconfig
  260  python receive.py
  261  ls
  262  vim receive.py
  263  ls
  264  ls
  265  vim receive.py
  266  ls
  267  vim receive.py
  268  ls
  269  ifconfig
  270  python receive.py
  271  ifdown eth1
  272  ls
  273  ifconfig
  274  ifconfig
  275  ls
  276  cd fixp
  277  ls
  278  ls send
  279  ls -l send*
  280  ls -l rece*
  281  ls -l contro*
  282  ifconfig
  283  python receive.py
  284  ls
  285  python receive.py
  286  ls
  287  ifconfig
  288  python receive.py
  289  ls
  290  ifup eth1
  291  ifconfig
  292  python receive.py
  293  ls
  294  reboot
  295  ls
  296  ls
  297  cd fixp/
  298  ls
  299  vim controller.py
  300  vim controller.py
  301  python receive.py
  302  vim controller.py
  303  python controller.py
  304  ifconfig
  305  python controller.py
  306  reboot
  307  ls
  308  cd fixp
  309  ls
  310  vim controller.py
  311  ls
  312  ls
  313  python controller.py
  314  python controller.py
  315  reboot
  316  ifconfig
  317  python controller.py
  318  ls
  319  cd fixp
  320  python controller.py
  321  python controller.py
  322  vim controller.py
  323  shutdown -h now
  324  ls
  325  ifconfig
  326  ls
  327  ls
  328  cd fixp
  329  ls
  330  python controller.py
  331  ifconfig
  332  ifdown eth[A
  333  python controller.py
  334  logout
  335  ifconfig
  336  python controller.py
  337  cd fixp
  338  python controller.py
  339  vim controller.py
  340  ls
  341  vim controller.py
  342  ifconfig
  343  vim controller.py
  344  python controller.py
  345  shutdown -h now
  346  ls
  347  cd fixp
  348  ifconfig
  349  python controller.py
  350  ls
  351  ls
  352  vim controller.py
  353  python controller.py
  354  vim controller.py
  355  ks
  356  ls
  357  python controller.py
  358  python controller.py
  359  vim controller.py
  360  vim controller.py
  361  python controller.py
  362  python controller.py
  363  vim controller.py
  364  python controller.py
  365  vim controller.py
  366  ls
  367  ls
  368  ls
  369  python controller.py
  370  vim controller.py
  371  python controller.py
  372  shutdown -h now
  373* ls.
  374  shutdown -h now
  375  ifconfig
  376  ping 192.168.231.101
  377  ping 192.168.231.101
  378  vim controller.py
  379  ls
  380  cd fi
  381  cd fixo
  382  cd fixp/
  383  ls
  384  vim controller.py
  385  python controller.py
  386  history > comandos.log
